<?xml version="1.1" encoding="UTF-8"?>
<testsuite name="dbfit.util.crypto.CryptoKeyStoreTest" tests="8" failures="0" errors="0" timestamp="2013-09-11T15:32:15" hostname="Nomars-MacBook-Pro.local" time="0.048">
  <properties/>
  <testcase name="createKeyStoreTest" classname="dbfit.util.crypto.CryptoKeyStoreTest" time="0.0040"/>
  <testcase name="shouldBeAbleToGetKeyFromExistingKeyStore" classname="dbfit.util.crypto.CryptoKeyStoreTest" time="0.013"/>
  <testcase name="shouldFailToLoadFromNonExistingKeyStore" classname="dbfit.util.crypto.CryptoKeyStoreTest" time="0.0010"/>
  <testcase name="keyStoreExistenceCheck" classname="dbfit.util.crypto.CryptoKeyStoreTest" time="0.0080"/>
  <testcase name="shouldSucceedToLoadFromExistingKeyStore" classname="dbfit.util.crypto.CryptoKeyStoreTest" time="0.0030"/>
  <testcase name="createOnTopOfExistingKSShouldFail" classname="dbfit.util.crypto.CryptoKeyStoreTest" time="0.0070"/>
  <testcase name="createKeyStoreOnTopOfExistingOneShouldFail" classname="dbfit.util.crypto.CryptoKeyStoreTest" time="0.0030"/>
  <testcase name="createInEmptyLocationShouldSucceed" classname="dbfit.util.crypto.CryptoKeyStoreTest" time="0.0080"/>
  <system-out><![CDATA[]]></system-out>
  <system-err><![CDATA[]]></system-err>
</testsuite>
