<?xml version="1.1" encoding="UTF-8"?>
<testsuite name="dbfit.util.BigDecimalParseDelegateTest" tests="1" failures="0" errors="0" timestamp="2013-09-11T15:32:14" hostname="Nomars-MacBook-Pro.local" time="0.0010">
  <properties/>
  <testcase name="anIntegerIsParsed" classname="dbfit.util.BigDecimalParseDelegateTest" time="0.0010"/>
  <system-out><![CDATA[]]></system-out>
  <system-err><![CDATA[]]></system-err>
</testsuite>
