<?xml version="1.1" encoding="UTF-8"?>
<testsuite name="dbfit.util.DbConnectionPropertiesTest" tests="4" failures="0" errors="0" timestamp="2013-09-11T15:32:14" hostname="Nomars-MacBook-Pro.local" time="0.273">
  <properties/>
  <testcase name="testEncryptedPropertiesLoadWithFakeCrypto" classname="dbfit.util.DbConnectionPropertiesTest" time="0.0060"/>
  <testcase name="testNonEncryptedPropertiesLoad" classname="dbfit.util.DbConnectionPropertiesTest" time="0.0040"/>
  <testcase name="testEncryptedPropertiesLoadWithRealCrypto" classname="dbfit.util.DbConnectionPropertiesTest" time="0.253"/>
  <testcase name="shouldCallDecryptWhenLoadingEncryptedPassword" classname="dbfit.util.DbConnectionPropertiesTest" time="0.0050"/>
  <system-out><![CDATA[]]></system-out>
  <system-err><![CDATA[]]></system-err>
</testsuite>
