<?xml version="1.1" encoding="UTF-8"?>
<testsuite name="dbfit.util.crypto.CryptoAppTest" tests="4" failures="0" errors="0" timestamp="1970-01-01T00:00:00" hostname="Nomars-MacBook-Pro.local" time="1.378913535324E9">
  <properties/>
  <testcase name="encryptPasswordTest" classname="dbfit.util.crypto.CryptoAppTest" time="0.013"/>
  <testcase name="shouldCreateKeyStoreBeforeGettingKeyService" classname="dbfit.util.crypto.CryptoAppTest" time="0.011"/>
  <testcase name="createKeyStoreInCustomLocationTest" classname="dbfit.util.crypto.CryptoAppTest" time="0.0050"/>
  <testcase name="createKeyStoreInDefaultLocationTest" classname="dbfit.util.crypto.CryptoAppTest" time="0.0040"/>
  <system-out><![CDATA[Using KeyStore: null
Encrypted Password:
ENC(null)
KeyStore created: null
Using KeyStore: null
Encrypted Password:
ENC(null)
KeyStore created: null
Using KeyStore: null
Encrypted Password:
ENC(null)
KeyStore created: null
Using KeyStore: null
Encrypted Password:
ENC(null)
]]></system-out>
  <system-err><![CDATA[]]></system-err>
</testsuite>
